<?xml version="1.0" encoding="UTF-8"?>
<!-- Generated by org.testng.reporters.JUnitReportReporter -->
<testsuite hostname="LAPTOP-5O7FJP93" failures="0" tests="1" name="Assignments.DynamicTextCapture_DownloadReports" time="14.337" errors="0" timestamp="2023-07-25T14:04:03 IST" skipped="0">
  <testcase classname="Assignments.DynamicTextCapture_DownloadReports" name="test" time="14.337"/>
</testsuite> <!-- Assignments.DynamicTextCapture_DownloadReports -->
