<?xml version="1.0" encoding="UTF-8"?>
<!-- Generated by org.testng.reporters.JUnitReportReporter -->
<testsuite hostname="LAPTOP-5O7FJP93" failures="0" tests="1" name="Learning.Selenium_Learn.MainScript" time="7.603" errors="0" timestamp="2023-07-25T13:53:43 IST" skipped="0">
  <testcase classname="Learning.Selenium_Learn.MainScript" name="standAlone" time="7.603"/>
</testsuite> <!-- Learning.Selenium_Learn.MainScript -->
